<?xml version="1.0" encoding="UTF-8"?>
<!-- Generated by org.testng.reporters.JUnitReportReporter -->
<testsuite skipped="0" hostname="DESKTOP-MSM102A" name="com.nbaproject.testcases.TC001_TeamNames" tests="1" failures="0" timestamp="2023-09-24T12:55:22 IST" time="11.526" errors="0">
  <testcase name="verifyTeamNames" time="11.526" classname="com.nbaproject.testcases.TC001_TeamNames"/>
  <system-out/>
</testsuite> <!-- com.nbaproject.testcases.TC001_TeamNames -->
