<?xml version="1.0" encoding="UTF-8"?>
<!-- Generated by org.testng.reporters.JUnitReportReporter -->
<testsuite skipped="0" hostname="DESKTOP-MSM102A" name="com.nbaproject.testcases.TC003_VerifySlideView" tests="1" failures="0" timestamp="2023-09-24T13:00:16 IST" time="45.398" errors="0">
  <testcase name="verifyTeamNames" time="45.398" classname="com.nbaproject.testcases.TC003_VerifySlideView"/>
  <system-out/>
</testsuite> <!-- com.nbaproject.testcases.TC003_VerifySlideView -->
