<?xml version="1.0" encoding="UTF-8"?>
<!-- Generated by org.testng.reporters.JUnitReportReporter -->
<testsuite skipped="0" hostname="DESKTOP-MSM102A" name="com.nbaproject.testcases.TC004_VideoWatch" tests="1" failures="0" timestamp="2023-09-24T13:13:06 IST" time="20.622" errors="0">
  <testcase name="verifyTeamNames" time="20.622" classname="com.nbaproject.testcases.TC004_VideoWatch"/>
  <system-out/>
</testsuite> <!-- com.nbaproject.testcases.TC004_VideoWatch -->
