<?xml version="1.0" encoding="UTF-8"?>
<!-- Generated by org.testng.reporters.JUnitReportReporter -->
<testsuite skipped="0" hostname="DESKTOP-MSM102A" name="com.nbaproject.testcases.VideoWatchVerification" tests="1" failures="0" timestamp="2023-09-24T22:15:25 IST" time="24.378" errors="0">
  <testcase name="verifyVideoStreaming" time="24.378" classname="com.nbaproject.testcases.VideoWatchVerification"/>
  <system-out/>
</testsuite> <!-- com.nbaproject.testcases.VideoWatchVerification -->
